This is pdfTeX, Version 3.14159265-2.6-1.40.16 (MiKTeX 2.9) (preloaded format=pdflatex 2016.2.1)  27 FEB 2017 23:53
entering extended mode
**./hw3.tex
(hw3.tex
LaTeX2e <2015/10/01> patch level 2
Babel <3.9n> and hyphenation patterns for 69 languages loaded.
("C:\Users\Matthew\AppData\Local\Programs\MiKTeX 2.9\tex\latex\base\article.cls
"
Document Class: article 2014/09/29 v1.4h Standard LaTeX document class
("C:\Users\Matthew\AppData\Local\Programs\MiKTeX 2.9\tex\latex\base\size10.clo"
File: size10.clo 2014/09/29 v1.4h Standard LaTeX file (size option)
)
\c@part=\count79
\c@section=\count80
\c@subsection=\count81
\c@subsubsection=\count82
\c@paragraph=\count83
\c@subparagraph=\count84
\c@figure=\count85
\c@table=\count86
\abovecaptionskip=\skip41
\belowcaptionskip=\skip42
\bibindent=\dimen102
)
("C:\Users\Matthew\AppData\Local\Programs\MiKTeX 2.9\tex\latex\base\inputenc.st
y"
Package: inputenc 2015/03/17 v1.2c Input encoding file
\inpenc@prehook=\toks14
\inpenc@posthook=\toks15
 ("C:\Users\Matthew\AppData\Local\Programs\MiKTeX 2.9\tex\latex\base\utf8.def"
File: utf8.def 2015/09/07 v1.1p UTF-8 support for inputenc
Now handling font encoding OML ...
... no UTF-8 mapping file for font encoding OML
Now handling font encoding T1 ...
... processing UTF-8 mapping file for font encoding T1
 ("C:\Users\Matthew\AppData\Local\Programs\MiKTeX 2.9\tex\latex\base\t1enc.dfu"
File: t1enc.dfu 2015/09/07 v1.1p UTF-8 support for inputenc
   defining Unicode char U+00A0 (decimal 160)
   defining Unicode char U+00A1 (decimal 161)
   defining Unicode char U+00A3 (decimal 163)
   defining Unicode char U+00AB (decimal 171)
   defining Unicode char U+00AD (decimal 173)
   defining Unicode char U+00BB (decimal 187)
   defining Unicode char U+00BF (decimal 191)
   defining Unicode char U+00C0 (decimal 192)
   defining Unicode char U+00C1 (decimal 193)
   defining Unicode char U+00C2 (decimal 194)
   defining Unicode char U+00C3 (decimal 195)
   defining Unicode char U+00C4 (decimal 196)
   defining Unicode char U+00C5 (decimal 197)
   defining Unicode char U+00C6 (decimal 198)
   defining Unicode char U+00C7 (decimal 199)
   defining Unicode char U+00C8 (decimal 200)
   defining Unicode char U+00C9 (decimal 201)
   defining Unicode char U+00CA (decimal 202)
   defining Unicode char U+00CB (decimal 203)
   defining Unicode char U+00CC (decimal 204)
   defining Unicode char U+00CD (decimal 205)
   defining Unicode char U+00CE (decimal 206)
   defining Unicode char U+00CF (decimal 207)
   defining Unicode char U+00D0 (decimal 208)
   defining Unicode char U+00D1 (decimal 209)
   defining Unicode char U+00D2 (decimal 210)
   defining Unicode char U+00D3 (decimal 211)
   defining Unicode char U+00D4 (decimal 212)
   defining Unicode char U+00D5 (decimal 213)
   defining Unicode char U+00D6 (decimal 214)
   defining Unicode char U+00D8 (decimal 216)
   defining Unicode char U+00D9 (decimal 217)
   defining Unicode char U+00DA (decimal 218)
   defining Unicode char U+00DB (decimal 219)
   defining Unicode char U+00DC (decimal 220)
   defining Unicode char U+00DD (decimal 221)
   defining Unicode char U+00DE (decimal 222)
   defining Unicode char U+00DF (decimal 223)
   defining Unicode char U+00E0 (decimal 224)
   defining Unicode char U+00E1 (decimal 225)
   defining Unicode char U+00E2 (decimal 226)
   defining Unicode char U+00E3 (decimal 227)
   defining Unicode char U+00E4 (decimal 228)
   defining Unicode char U+00E5 (decimal 229)
   defining Unicode char U+00E6 (decimal 230)
   defining Unicode char U+00E7 (decimal 231)
   defining Unicode char U+00E8 (decimal 232)
   defining Unicode char U+00E9 (decimal 233)
   defining Unicode char U+00EA (decimal 234)
   defining Unicode char U+00EB (decimal 235)
   defining Unicode char U+00EC (decimal 236)
   defining Unicode char U+00ED (decimal 237)
   defining Unicode char U+00EE (decimal 238)
   defining Unicode char U+00EF (decimal 239)
   defining Unicode char U+00F0 (decimal 240)
   defining Unicode char U+00F1 (decimal 241)
   defining Unicode char U+00F2 (decimal 242)
   defining Unicode char U+00F3 (decimal 243)
   defining Unicode char U+00F4 (decimal 244)
   defining Unicode char U+00F5 (decimal 245)
   defining Unicode char U+00F6 (decimal 246)
   defining Unicode char U+00F8 (decimal 248)
   defining Unicode char U+00F9 (decimal 249)
   defining Unicode char U+00FA (decimal 250)
   defining Unicode char U+00FB (decimal 251)
   defining Unicode char U+00FC (decimal 252)
   defining Unicode char U+00FD (decimal 253)
   defining Unicode char U+00FE (decimal 254)
   defining Unicode char U+00FF (decimal 255)
   defining Unicode char U+0102 (decimal 258)
   defining Unicode char U+0103 (decimal 259)
   defining Unicode char U+0104 (decimal 260)
   defining Unicode char U+0105 (decimal 261)
   defining Unicode char U+0106 (decimal 262)
   defining Unicode char U+0107 (decimal 263)
   defining Unicode char U+010C (decimal 268)
   defining Unicode char U+010D (decimal 269)
   defining Unicode char U+010E (decimal 270)
   defining Unicode char U+010F (decimal 271)
   defining Unicode char U+0110 (decimal 272)
   defining Unicode char U+0111 (decimal 273)
   defining Unicode char U+0118 (decimal 280)
   defining Unicode char U+0119 (decimal 281)
   defining Unicode char U+011A (decimal 282)
   defining Unicode char U+011B (decimal 283)
   defining Unicode char U+011E (decimal 286)
   defining Unicode char U+011F (decimal 287)
   defining Unicode char U+0130 (decimal 304)
   defining Unicode char U+0131 (decimal 305)
   defining Unicode char U+0132 (decimal 306)
   defining Unicode char U+0133 (decimal 307)
   defining Unicode char U+0139 (decimal 313)
   defining Unicode char U+013A (decimal 314)
   defining Unicode char U+013D (decimal 317)
   defining Unicode char U+013E (decimal 318)
   defining Unicode char U+0141 (decimal 321)
   defining Unicode char U+0142 (decimal 322)
   defining Unicode char U+0143 (decimal 323)
   defining Unicode char U+0144 (decimal 324)
   defining Unicode char U+0147 (decimal 327)
   defining Unicode char U+0148 (decimal 328)
   defining Unicode char U+014A (decimal 330)
   defining Unicode char U+014B (decimal 331)
   defining Unicode char U+0150 (decimal 336)
   defining Unicode char U+0151 (decimal 337)
   defining Unicode char U+0152 (decimal 338)
   defining Unicode char U+0153 (decimal 339)
   defining Unicode char U+0154 (decimal 340)
   defining Unicode char U+0155 (decimal 341)
   defining Unicode char U+0158 (decimal 344)
   defining Unicode char U+0159 (decimal 345)
   defining Unicode char U+015A (decimal 346)
   defining Unicode char U+015B (decimal 347)
   defining Unicode char U+015E (decimal 350)
   defining Unicode char U+015F (decimal 351)
   defining Unicode char U+0160 (decimal 352)
   defining Unicode char U+0161 (decimal 353)
   defining Unicode char U+0162 (decimal 354)
   defining Unicode char U+0163 (decimal 355)
   defining Unicode char U+0164 (decimal 356)
   defining Unicode char U+0165 (decimal 357)
   defining Unicode char U+016E (decimal 366)
   defining Unicode char U+016F (decimal 367)
   defining Unicode char U+0170 (decimal 368)
   defining Unicode char U+0171 (decimal 369)
   defining Unicode char U+0174 (decimal 372)
   defining Unicode char U+0175 (decimal 373)
   defining Unicode char U+0176 (decimal 374)
   defining Unicode char U+0177 (decimal 375)
   defining Unicode char U+0178 (decimal 376)
   defining Unicode char U+0179 (decimal 377)
   defining Unicode char U+017A (decimal 378)
   defining Unicode char U+017B (decimal 379)
   defining Unicode char U+017C (decimal 380)
   defining Unicode char U+017D (decimal 381)
   defining Unicode char U+017E (decimal 382)
   defining Unicode char U+0218 (decimal 536)
   defining Unicode char U+0219 (decimal 537)
   defining Unicode char U+021A (decimal 538)
   defining Unicode char U+021B (decimal 539)
   defining Unicode char U+200C (decimal 8204)
   defining Unicode char U+2013 (decimal 8211)
   defining Unicode char U+2014 (decimal 8212)
   defining Unicode char U+2018 (decimal 8216)
   defining Unicode char U+2019 (decimal 8217)
   defining Unicode char U+201A (decimal 8218)
   defining Unicode char U+201C (decimal 8220)
   defining Unicode char U+201D (decimal 8221)
   defining Unicode char U+201E (decimal 8222)
   defining Unicode char U+2030 (decimal 8240)
   defining Unicode char U+2031 (decimal 8241)
   defining Unicode char U+2039 (decimal 8249)
   defining Unicode char U+203A (decimal 8250)
   defining Unicode char U+2423 (decimal 9251)
)
Now handling font encoding OT1 ...
... processing UTF-8 mapping file for font encoding OT1

("C:\Users\Matthew\AppData\Local\Programs\MiKTeX 2.9\tex\latex\base\ot1enc.dfu"
File: ot1enc.dfu 2015/09/07 v1.1p UTF-8 support for inputenc
   defining Unicode char U+00A0 (decimal 160)
   defining Unicode char U+00A1 (decimal 161)
   defining Unicode char U+00A3 (decimal 163)
   defining Unicode char U+00AD (decimal 173)
   defining Unicode char U+00B8 (decimal 184)
   defining Unicode char U+00BF (decimal 191)
   defining Unicode char U+00C5 (decimal 197)
   defining Unicode char U+00C6 (decimal 198)
   defining Unicode char U+00D8 (decimal 216)
   defining Unicode char U+00DF (decimal 223)
   defining Unicode char U+00E6 (decimal 230)
   defining Unicode char U+00EC (decimal 236)
   defining Unicode char U+00ED (decimal 237)
   defining Unicode char U+00EE (decimal 238)
   defining Unicode char U+00EF (decimal 239)
   defining Unicode char U+00F8 (decimal 248)
   defining Unicode char U+0131 (decimal 305)
   defining Unicode char U+0141 (decimal 321)
   defining Unicode char U+0142 (decimal 322)
   defining Unicode char U+0152 (decimal 338)
   defining Unicode char U+0153 (decimal 339)
   defining Unicode char U+0174 (decimal 372)
   defining Unicode char U+0175 (decimal 373)
   defining Unicode char U+0176 (decimal 374)
   defining Unicode char U+0177 (decimal 375)
   defining Unicode char U+0218 (decimal 536)
   defining Unicode char U+0219 (decimal 537)
   defining Unicode char U+021A (decimal 538)
   defining Unicode char U+021B (decimal 539)
   defining Unicode char U+2013 (decimal 8211)
   defining Unicode char U+2014 (decimal 8212)
   defining Unicode char U+2018 (decimal 8216)
   defining Unicode char U+2019 (decimal 8217)
   defining Unicode char U+201C (decimal 8220)
   defining Unicode char U+201D (decimal 8221)
)
Now handling font encoding OMS ...
... processing UTF-8 mapping file for font encoding OMS
 ("C:\Users\Matthew\AppData\Local\Programs\MiKTeX 2.9\tex\latex\base\omsenc.dfu
"
File: omsenc.dfu 2015/09/07 v1.1p UTF-8 support for inputenc
   defining Unicode char U+00A7 (decimal 167)
   defining Unicode char U+00B6 (decimal 182)
   defining Unicode char U+00B7 (decimal 183)
   defining Unicode char U+2020 (decimal 8224)
   defining Unicode char U+2021 (decimal 8225)
   defining Unicode char U+2022 (decimal 8226)
)
Now handling font encoding OMX ...
... no UTF-8 mapping file for font encoding OMX
Now handling font encoding U ...
... no UTF-8 mapping file for font encoding U
   defining Unicode char U+00A9 (decimal 169)
   defining Unicode char U+00AA (decimal 170)
   defining Unicode char U+00AE (decimal 174)
   defining Unicode char U+00BA (decimal 186)
   defining Unicode char U+02C6 (decimal 710)
   defining Unicode char U+02DC (decimal 732)
   defining Unicode char U+200C (decimal 8204)
   defining Unicode char U+2026 (decimal 8230)
   defining Unicode char U+2122 (decimal 8482)
   defining Unicode char U+2423 (decimal 9251)
))
("C:\Users\Matthew\AppData\Local\Programs\MiKTeX 2.9\tex\latex\geometry\geometr
y.sty"
Package: geometry 2010/09/12 v5.6 Page Geometry

("C:\Users\Matthew\AppData\Local\Programs\MiKTeX 2.9\tex\latex\graphics\keyval.
sty"
Package: keyval 2014/10/28 v1.15 key=value parser (DPC)
\KV@toks@=\toks16
)
("C:\Users\Matthew\AppData\Local\Programs\MiKTeX 2.9\tex\generic\oberdiek\ifpdf
.sty"
Package: ifpdf 2011/01/30 v2.3 Provides the ifpdf switch (HO)
Package ifpdf Info: pdfTeX in PDF mode is detected.
)
("C:\Users\Matthew\AppData\Local\Programs\MiKTeX 2.9\tex\generic\oberdiek\ifvte
x.sty"
Package: ifvtex 2010/03/01 v1.5 Detect VTeX and its facilities (HO)
Package ifvtex Info: VTeX not detected.
)
("C:\Users\Matthew\AppData\Local\Programs\MiKTeX 2.9\tex\generic\ifxetex\ifxete
x.sty"
Package: ifxetex 2010/09/12 v0.6 Provides ifxetex conditional
)
\Gm@cnth=\count87
\Gm@cntv=\count88
\c@Gm@tempcnt=\count89
\Gm@bindingoffset=\dimen103
\Gm@wd@mp=\dimen104
\Gm@odd@mp=\dimen105
\Gm@even@mp=\dimen106
\Gm@layoutwidth=\dimen107
\Gm@layoutheight=\dimen108
\Gm@layouthoffset=\dimen109
\Gm@layoutvoffset=\dimen110
\Gm@dimlist=\toks17

("C:\Users\Matthew\AppData\Local\Programs\MiKTeX 2.9\tex\latex\geometry\geometr
y.cfg"))
("C:\Users\Matthew\AppData\Local\Programs\MiKTeX 2.9\tex\latex\soul\soul.sty"
Package: soul 2003/11/17 v2.4 letterspacing/underlining (mf)
\SOUL@word=\toks18
\SOUL@lasttoken=\toks19
\SOUL@cmds=\toks20
\SOUL@buffer=\toks21
\SOUL@token=\toks22
\SOUL@spaceskip=\skip43
\SOUL@ttwidth=\dimen111
\SOUL@uldp=\dimen112
\SOUL@ulht=\dimen113
)
("C:\Users\Matthew\AppData\Local\Programs\MiKTeX 2.9\tex\latex\graphics\color.s
ty"
Package: color 2014/10/28 v1.1a Standard LaTeX Color (DPC)

("C:\Users\Matthew\AppData\Local\Programs\MiKTeX 2.9\tex\latex\00miktex\color.c
fg"
File: color.cfg 2007/01/18 v1.5 color configuration of teTeX/TeXLive
)
Package color Info: Driver file: pdftex.def on input line 142.

("C:\Users\Matthew\AppData\Local\Programs\MiKTeX 2.9\tex\latex\pdftex-def\pdfte
x.def"
File: pdftex.def 2011/05/27 v0.06d Graphics/color for pdfTeX

("C:\Users\Matthew\AppData\Local\Programs\MiKTeX 2.9\tex\generic\oberdiek\infwa
rerr.sty"
Package: infwarerr 2010/04/08 v1.3 Providing info/warning/error messages (HO)
)
("C:\Users\Matthew\AppData\Local\Programs\MiKTeX 2.9\tex\generic\oberdiek\ltxcm
ds.sty"
Package: ltxcmds 2011/11/09 v1.22 LaTeX kernel commands for general use (HO)
)
\Gread@gobject=\count90
))
("C:\Users\Matthew\AppData\Local\Programs\MiKTeX 2.9\tex\latex\amsfonts\amsfont
s.sty"
Package: amsfonts 2013/01/14 v3.01 Basic AMSFonts support
\@emptytoks=\toks23
\symAMSa=\mathgroup4
\symAMSb=\mathgroup5
LaTeX Font Info:    Overwriting math alphabet `\mathfrak' in version `bold'
(Font)                  U/euf/m/n --> U/euf/b/n on input line 106.
)
("C:\Users\Matthew\AppData\Local\Programs\MiKTeX 2.9\tex\latex\amsmath\amsmath.
sty"
Package: amsmath 2013/01/14 v2.14 AMS math features
\@mathmargin=\skip44

For additional information on amsmath, use the `?' option.

("C:\Users\Matthew\AppData\Local\Programs\MiKTeX 2.9\tex\latex\amsmath\amstext.
sty"
Package: amstext 2000/06/29 v2.01

("C:\Users\Matthew\AppData\Local\Programs\MiKTeX 2.9\tex\latex\amsmath\amsgen.s
ty"
File: amsgen.sty 1999/11/30 v2.0
\@emptytoks=\toks24
\ex@=\dimen114
))
("C:\Users\Matthew\AppData\Local\Programs\MiKTeX 2.9\tex\latex\amsmath\amsbsy.s
ty"
Package: amsbsy 1999/11/29 v1.2d
\pmbraise@=\dimen115
)
("C:\Users\Matthew\AppData\Local\Programs\MiKTeX 2.9\tex\latex\amsmath\amsopn.s
ty"
Package: amsopn 1999/12/14 v2.01 operator names
)
\inf@bad=\count91
LaTeX Info: Redefining \frac on input line 210.
\uproot@=\count92
\leftroot@=\count93
LaTeX Info: Redefining \overline on input line 306.
\classnum@=\count94
\DOTSCASE@=\count95
LaTeX Info: Redefining \ldots on input line 378.
LaTeX Info: Redefining \dots on input line 381.
LaTeX Info: Redefining \cdots on input line 466.
\Mathstrutbox@=\box26
\strutbox@=\box27
\big@size=\dimen116
LaTeX Font Info:    Redeclaring font encoding OML on input line 566.
LaTeX Font Info:    Redeclaring font encoding OMS on input line 567.
\macc@depth=\count96
\c@MaxMatrixCols=\count97
\dotsspace@=\muskip10
\c@parentequation=\count98
\dspbrk@lvl=\count99
\tag@help=\toks25
\row@=\count100
\column@=\count101
\maxfields@=\count102
\andhelp@=\toks26
\eqnshift@=\dimen117
\alignsep@=\dimen118
\tagshift@=\dimen119
\tagwidth@=\dimen120
\totwidth@=\dimen121
\lineht@=\dimen122
\@envbody=\toks27
\multlinegap=\skip45
\multlinetaggap=\skip46
\mathdisplay@stack=\toks28
LaTeX Info: Redefining \[ on input line 2665.
LaTeX Info: Redefining \] on input line 2666.
) ("C:\Users\Matthew\AppData\Local\Programs\MiKTeX 2.9\tex\latex\bbm\bbm.sty"
Package: bbm 1999/03/15 V 1.2 provides fonts for set symbols - TH
LaTeX Font Info:    Overwriting math alphabet `\mathbbm' in version `bold'
(Font)                  U/bbm/m/n --> U/bbm/bx/n on input line 33.
LaTeX Font Info:    Overwriting math alphabet `\mathbbmss' in version `bold'
(Font)                  U/bbmss/m/n --> U/bbmss/bx/n on input line 35.
)
("C:\Users\Matthew\AppData\Local\Programs\MiKTeX 2.9\tex\latex\enumitem\enumite
m.sty"
Package: enumitem 2011/09/28 v3.5.2 Customized lists
\labelindent=\skip47
\enit@outerparindent=\dimen123
\enit@toks=\toks29
\enit@inbox=\box28
\enitdp@description=\count103
)
("C:\Users\Matthew\AppData\Local\Programs\MiKTeX 2.9\tex\latex\mdframed\mdframe
d.sty"
Package: mdframed 2013/07/01 1.9b: mdframed

("C:\Users\Matthew\AppData\Local\Programs\MiKTeX 2.9\tex\latex\oberdiek\kvoptio
ns.sty"
Package: kvoptions 2011/06/30 v3.11 Key value format for package options (HO)

("C:\Users\Matthew\AppData\Local\Programs\MiKTeX 2.9\tex\generic\oberdiek\kvset
keys.sty"
Package: kvsetkeys 2012/04/25 v1.16 Key value parser (HO)

("C:\Users\Matthew\AppData\Local\Programs\MiKTeX 2.9\tex\generic\oberdiek\etexc
mds.sty"
Package: etexcmds 2011/02/16 v1.5 Avoid name clashes with e-TeX commands (HO)

("C:\Users\Matthew\AppData\Local\Programs\MiKTeX 2.9\tex\generic\oberdiek\iflua
tex.sty"
Package: ifluatex 2010/03/01 v1.3 Provides the ifluatex switch (HO)
Package ifluatex Info: LuaTeX not detected.
)
Package etexcmds Info: Could not find \expanded.
(etexcmds)             That can mean that you are not using pdfTeX 1.50 or
(etexcmds)             that some package has redefined \expanded.
(etexcmds)             In the latter case, load this package earlier.
)))
("C:\Users\Matthew\AppData\Local\Programs\MiKTeX 2.9\tex\latex\l3packages\xpars
e\xparse.sty"
("C:\Users\Matthew\AppData\Local\Programs\MiKTeX 2.9\tex\latex\l3kernel\expl3.s
ty"
Package: expl3 2016/01/19 v6377 L3 programming layer (loader) 

("C:\Users\Matthew\AppData\Local\Programs\MiKTeX 2.9\tex\latex\l3kernel\expl3-c
ode.tex"
Package: expl3 2016/01/19 v6377 L3 programming layer (code)
L3 Module: l3bootstrap 2016/01/01 v6339 L3 Bootstrap code
L3 Module: l3names 2015/12/21 v6328 L3 Namespace for primitives
L3 Module: l3basics 2015/11/22 v6315 L3 Basic definitions
L3 Module: l3expan 2015/09/10 v5983 L3 Argument expansion
L3 Module: l3tl 2015/09/29 v6121 L3 Token lists
L3 Module: l3str 2016/01/03 v6357 L3 Strings
L3 Module: l3seq 2015/08/05 v5777 L3 Sequences and stacks
L3 Module: l3int 2016/01/05 v6366 L3 Integers
\c_max_int=\count104
\l_tmpa_int=\count105
\l_tmpb_int=\count106
\g_tmpa_int=\count107
\g_tmpb_int=\count108
L3 Module: l3quark 2015/08/17 v5855 L3 Quarks
L3 Module: l3prg 2015/11/01 v6216 L3 Control structures
\g__prg_map_int=\count109
L3 Module: l3clist 2015/09/02 v5901 L3 Comma separated lists
L3 Module: l3token 2015/11/11 v6249 L3 Experimental token manipulation
L3 Module: l3prop 2016/01/05 v6366 L3 Property lists
L3 Module: l3msg 2015/09/28 v6113 L3 Messages
L3 Module: l3file 2015/12/03 v6317 L3 File and I/O operations
\l_iow_line_count_int=\count110
\l__iow_target_count_int=\count111
\l__iow_current_line_int=\count112
\l__iow_current_word_int=\count113
\l__iow_current_indentation_int=\count114
L3 Module: l3skip 2016/01/05 v6366 L3 Dimensions and skips
\c_zero_dim=\dimen124
\c_max_dim=\dimen125
\l_tmpa_dim=\dimen126
\l_tmpb_dim=\dimen127
\g_tmpa_dim=\dimen128
\g_tmpb_dim=\dimen129
\c_zero_skip=\skip48
\c_max_skip=\skip49
\l_tmpa_skip=\skip50
\l_tmpb_skip=\skip51
\g_tmpa_skip=\skip52
\g_tmpb_skip=\skip53
\c_zero_muskip=\muskip11
\c_max_muskip=\muskip12
\l_tmpa_muskip=\muskip13
\l_tmpb_muskip=\muskip14
\g_tmpa_muskip=\muskip15
\g_tmpb_muskip=\muskip16
L3 Module: l3keys 2015/11/17 v6284 L3 Key-value interfaces
\g__keyval_level_int=\count115
\l_keys_choice_int=\count116
L3 Module: l3fp 2015/08/25 v5890 L3 Floating points
\c__fp_leading_shift_int=\count117
\c__fp_middle_shift_int=\count118
\c__fp_trailing_shift_int=\count119
\c__fp_big_leading_shift_int=\count120
\c__fp_big_middle_shift_int=\count121
\c__fp_big_trailing_shift_int=\count122
\c__fp_Bigg_leading_shift_int=\count123
\c__fp_Bigg_middle_shift_int=\count124
\c__fp_Bigg_trailing_shift_int=\count125
L3 Module: l3box 2015/08/09 v5822 L3 Experimental boxes
\c_empty_box=\box29
\l_tmpa_box=\box30
\l_tmpb_box=\box31
\g_tmpa_box=\box32
\g_tmpb_box=\box33
L3 Module: l3coffins 2015/08/06 v5789 L3 Coffin code layer
\l__coffin_internal_box=\box34
\l__coffin_internal_dim=\dimen130
\l__coffin_offset_x_dim=\dimen131
\l__coffin_offset_y_dim=\dimen132
\l__coffin_x_dim=\dimen133
\l__coffin_y_dim=\dimen134
\l__coffin_x_prime_dim=\dimen135
\l__coffin_y_prime_dim=\dimen136
\c_empty_coffin=\box35
\l__coffin_aligned_coffin=\box36
\l__coffin_aligned_internal_coffin=\box37
\l_tmpa_coffin=\box38
\l_tmpb_coffin=\box39
\l__coffin_display_coffin=\box40
\l__coffin_display_coord_coffin=\box41
\l__coffin_display_pole_coffin=\box42
\l__coffin_display_offset_dim=\dimen137
\l__coffin_display_x_dim=\dimen138
\l__coffin_display_y_dim=\dimen139
L3 Module: l3color 2014/08/23 v5354 L3 Experimental color support
L3 Module: l3sys 2015/09/25 v6087 L3 Experimental system/runtime functions
L3 Module: l3candidates 2016/01/14 v6376 L3 Experimental additions to l3kernel
\l__box_top_dim=\dimen140
\l__box_bottom_dim=\dimen141
\l__box_left_dim=\dimen142
\l__box_right_dim=\dimen143
\l__box_top_new_dim=\dimen144
\l__box_bottom_new_dim=\dimen145
\l__box_left_new_dim=\dimen146
\l__box_right_new_dim=\dimen147
\l__box_internal_box=\box43
\l__coffin_bounding_shift_dim=\dimen148
\l__coffin_left_corner_dim=\dimen149
\l__coffin_right_corner_dim=\dimen150
\l__coffin_bottom_corner_dim=\dimen151
\l__coffin_top_corner_dim=\dimen152
\l__coffin_scaled_total_height_dim=\dimen153
\l__coffin_scaled_width_dim=\dimen154
L3 Module: l3luatex 2015/11/11 v6250 L3 Experimental LuaTeX-specific functions
)
("C:\Users\Matthew\AppData\Local\Programs\MiKTeX 2.9\tex\latex\l3kernel\l3pdfmo
de.def"
File: l3pdfmode.def 2015/11/11 v6250 L3 Experimental driver: PDF mode
\l__driver_color_stack_int=\count126
))
Package: xparse 2016/01/19 v6377 L3 Experimental document command parser
\l__xparse_current_arg_int=\count127
\l__xparse_m_args_int=\count128
\l__xparse_mandatory_args_int=\count129
\l__xparse_processor_int=\count130
\l__xparse_v_nesting_int=\count131
)
("C:\Users\Matthew\AppData\Local\Programs\MiKTeX 2.9\tex\latex\etoolbox\etoolbo
x.sty"
Package: etoolbox 2015/08/02 v2.2a e-TeX tools for LaTeX (JAW)
\etb@tempcnta=\count132
)
("C:\Users\Matthew\AppData\Local\Programs\MiKTeX 2.9\tex\latex\oberdiek\zref-ab
spage.sty"
Package: zref-abspage 2012/04/04 v2.24 Module abspage for zref (HO)

("C:\Users\Matthew\AppData\Local\Programs\MiKTeX 2.9\tex\latex\oberdiek\zref-ba
se.sty"
Package: zref-base 2012/04/04 v2.24 Module base for zref (HO)

("C:\Users\Matthew\AppData\Local\Programs\MiKTeX 2.9\tex\generic\oberdiek\kvdef
inekeys.sty"
Package: kvdefinekeys 2011/04/07 v1.3 Define keys (HO)
)
("C:\Users\Matthew\AppData\Local\Programs\MiKTeX 2.9\tex\generic\oberdiek\pdfte
xcmds.sty"
Package: pdftexcmds 2011/11/29 v0.20 Utility functions of pdfTeX for LuaTeX (HO
)
Package pdftexcmds Info: LuaTeX not detected.
Package pdftexcmds Info: \pdf@primitive is available.
Package pdftexcmds Info: \pdf@ifprimitive is available.
Package pdftexcmds Info: \pdfdraftmode found.
)
("C:\Users\Matthew\AppData\Local\Programs\MiKTeX 2.9\tex\latex\oberdiek\auxhook
.sty"
Package: auxhook 2011/03/04 v1.3 Hooks for auxiliary files (HO)
)
Package zref Info: New property list: main on input line 759.
Package zref Info: New property: default on input line 760.
Package zref Info: New property: page on input line 761.
)
("C:\Users\Matthew\AppData\Local\Programs\MiKTeX 2.9\tex\generic\oberdiek\atbeg
shi.sty"
Package: atbegshi 2011/10/05 v1.16 At begin shipout hook (HO)
)
\c@abspage=\count133
Package zref Info: New property: abspage on input line 62.
)
("C:\Users\Matthew\AppData\Local\Programs\MiKTeX 2.9\tex\latex\needspace\needsp
ace.sty"
Package: needspace 2010/09/12 v1.3d reserve vertical space
)
\mdf@templength=\skip54
\c@mdf@globalstyle@cnt=\count134
\mdf@skipabove@length=\skip55
\mdf@skipbelow@length=\skip56
\mdf@leftmargin@length=\skip57
\mdf@rightmargin@length=\skip58
\mdf@innerleftmargin@length=\skip59
\mdf@innerrightmargin@length=\skip60
\mdf@innertopmargin@length=\skip61
\mdf@innerbottommargin@length=\skip62
\mdf@splittopskip@length=\skip63
\mdf@splitbottomskip@length=\skip64
\mdf@outermargin@length=\skip65
\mdf@innermargin@length=\skip66
\mdf@linewidth@length=\skip67
\mdf@innerlinewidth@length=\skip68
\mdf@middlelinewidth@length=\skip69
\mdf@outerlinewidth@length=\skip70
\mdf@roundcorner@length=\skip71
\mdf@footenotedistance@length=\skip72
\mdf@userdefinedwidth@length=\skip73
\mdf@needspace@length=\skip74
\mdf@frametitleaboveskip@length=\skip75
\mdf@frametitlebelowskip@length=\skip76
\mdf@frametitlerulewidth@length=\skip77
\mdf@frametitleleftmargin@length=\skip78
\mdf@frametitlerightmargin@length=\skip79
\mdf@shadowsize@length=\skip80
\mdf@extratopheight@length=\skip81
\mdf@subtitleabovelinewidth@length=\skip82
\mdf@subtitlebelowlinewidth@length=\skip83
\mdf@subtitleaboveskip@length=\skip84
\mdf@subtitlebelowskip@length=\skip85
\mdf@subtitleinneraboveskip@length=\skip86
\mdf@subtitleinnerbelowskip@length=\skip87
\mdf@subsubtitleabovelinewidth@length=\skip88
\mdf@subsubtitlebelowlinewidth@length=\skip89
\mdf@subsubtitleaboveskip@length=\skip90
\mdf@subsubtitlebelowskip@length=\skip91
\mdf@subsubtitleinneraboveskip@length=\skip92
\mdf@subsubtitleinnerbelowskip@length=\skip93

("C:\Users\Matthew\AppData\Local\Programs\MiKTeX 2.9\tex\latex\mdframed\md-fram
e-0.mdf"
File: md-frame-0.mdf 2013/07/01\ 1.9b: md-frame-0
)
\mdf@frametitlebox=\box44
\mdf@footnotebox=\box45
\mdf@splitbox@one=\box46
\mdf@splitbox@two=\box47
\mdf@splitbox@save=\box48
\mdfsplitboxwidth=\skip94
\mdfsplitboxtotalwidth=\skip95
\mdfsplitboxheight=\skip96
\mdfsplitboxdepth=\skip97
\mdfsplitboxtotalheight=\skip98
\mdfframetitleboxwidth=\skip99
\mdfframetitleboxtotalwidth=\skip100
\mdfframetitleboxheight=\skip101
\mdfframetitleboxdepth=\skip102
\mdfframetitleboxtotalheight=\skip103
\mdffootnoteboxwidth=\skip104
\mdffootnoteboxtotalwidth=\skip105
\mdffootnoteboxheight=\skip106
\mdffootnoteboxdepth=\skip107
\mdffootnoteboxtotalheight=\skip108
\mdftotallinewidth=\skip109
\mdfboundingboxwidth=\skip110
\mdfboundingboxtotalwidth=\skip111
\mdfboundingboxheight=\skip112
\mdfboundingboxdepth=\skip113
\mdfboundingboxtotalheight=\skip114
\mdf@freevspace@length=\skip115
\mdf@horizontalwidthofbox@length=\skip116
\mdf@verticalmarginwhole@length=\skip117
\mdf@horizontalspaceofbox=\skip118
\mdfsubtitleheight=\skip119
\mdfsubsubtitleheight=\skip120
\c@mdfcountframes=\count135

****** mdframed patching \endmdf@trivlist

****** -- success******

.................................................
. LaTeX info: "xparse/define-command"
. 
. Defining command \newmdtheoremenv with sig. 'O{} m o m o ' on line 601.
.................................................
.................................................
. LaTeX info: "xparse/define-command"
. 
. Defining command \mdtheorem with sig. ' O{} m o m o ' on line 701.
.................................................
\mdf@envdepth=\count136
\c@mdf@env@i=\count137
\c@mdf@env@ii=\count138
\c@mdf@zref@counter=\count139
Package zref Info: New property: mdf@pagevalue on input line 895.
)
("C:\Users\Matthew\AppData\Local\Programs\MiKTeX 2.9\tex\latex\amsfonts\amssymb
.sty"
Package: amssymb 2013/01/14 v3.01 AMS font symbols
)
("C:\Users\Matthew\AppData\Local\Programs\MiKTeX 2.9\tex\latex\graphics\graphic
x.sty"
Package: graphicx 2014/10/28 v1.0g Enhanced LaTeX Graphics (DPC,SPQR)

("C:\Users\Matthew\AppData\Local\Programs\MiKTeX 2.9\tex\latex\graphics\graphic
s.sty"
Package: graphics 2014/10/28 v1.0p Standard LaTeX Graphics (DPC,SPQR)

("C:\Users\Matthew\AppData\Local\Programs\MiKTeX 2.9\tex\latex\graphics\trig.st
y"
Package: trig 1999/03/16 v1.09 sin cos tan (DPC)
)
("C:\Users\Matthew\AppData\Local\Programs\MiKTeX 2.9\tex\latex\00miktex\graphic
s.cfg"
File: graphics.cfg 2007/01/18 v1.5 graphics configuration of teTeX/TeXLive
)
Package graphics Info: Driver file: pdftex.def on input line 94.
)
\Gin@req@height=\dimen155
\Gin@req@width=\dimen156
)
LaTeX Font Info:    Try loading font information for T1+txtt on input line 24.

("C:\Users\Matthew\AppData\Local\Programs\MiKTeX 2.9\tex\latex\txfonts\t1txtt.f
d"
File: t1txtt.fd 2000/12/15 v3.1
)
("C:\Users\Matthew\AppData\Local\Programs\MiKTeX 2.9\tex\latex\listings\listing
s.sty"
\lst@mode=\count140
\lst@gtempboxa=\box49
\lst@token=\toks30
\lst@length=\count141
\lst@currlwidth=\dimen157
\lst@column=\count142
\lst@pos=\count143
\lst@lostspace=\dimen158
\lst@width=\dimen159
\lst@newlines=\count144
\lst@lineno=\count145
\lst@maxwidth=\dimen160

("C:\Users\Matthew\AppData\Local\Programs\MiKTeX 2.9\tex\latex\listings\lstmisc
.sty"
File: lstmisc.sty 2015/06/04 1.6 (Carsten Heinz)
\c@lstnumber=\count146
\lst@skipnumbers=\count147
\lst@framebox=\box50
)
("C:\Users\Matthew\AppData\Local\Programs\MiKTeX 2.9\tex\latex\listings\listing
s.cfg"
File: listings.cfg 2015/06/04 1.6 listings configuration
))
Package: listings 2015/06/04 1.6 (Carsten Heinz)
 (hw3.aux)
\openout1 = `hw3.aux'.

LaTeX Font Info:    Checking defaults for OML/cmm/m/it on input line 70.
LaTeX Font Info:    ... okay on input line 70.
LaTeX Font Info:    Checking defaults for T1/cmr/m/n on input line 70.
LaTeX Font Info:    ... okay on input line 70.
LaTeX Font Info:    Checking defaults for OT1/cmr/m/n on input line 70.
LaTeX Font Info:    ... okay on input line 70.
LaTeX Font Info:    Checking defaults for OMS/cmsy/m/n on input line 70.
LaTeX Font Info:    ... okay on input line 70.
LaTeX Font Info:    Checking defaults for OMX/cmex/m/n on input line 70.
LaTeX Font Info:    ... okay on input line 70.
LaTeX Font Info:    Checking defaults for U/cmr/m/n on input line 70.
LaTeX Font Info:    ... okay on input line 70.

*geometry* driver: auto-detecting
*geometry* detected driver: pdftex
*geometry* verbose mode - [ preamble ] result:
* driver: pdftex
* paper: <default>
* layout: <same size as paper>
* layoutoffset:(h,v)=(0.0pt,0.0pt)
* modes: 
* h-part:(L,W,R)=(72.26999pt, 469.75502pt, 72.26999pt)
* v-part:(T,H,B)=(72.26999pt, 650.43001pt, 72.26999pt)
* \paperwidth=614.295pt
* \paperheight=794.96999pt
* \textwidth=469.75502pt
* \textheight=650.43001pt
* \oddsidemargin=0.0pt
* \evensidemargin=0.0pt
* \topmargin=-37.0pt
* \headheight=12.0pt
* \headsep=25.0pt
* \topskip=10.0pt
* \footskip=30.0pt
* \marginparwidth=65.0pt
* \marginparsep=11.0pt
* \columnsep=10.0pt
* \skip\footins=9.0pt plus 4.0pt minus 2.0pt
* \hoffset=0.0pt
* \voffset=0.0pt
* \mag=1000
* \@twocolumnfalse
* \@twosidefalse
* \@mparswitchfalse
* \@reversemarginfalse
* (1in=72.27pt=25.4mm, 1cm=28.453pt)


("C:\Users\Matthew\AppData\Local\Programs\MiKTeX 2.9\tex\context\base\supp-pdf.
mkii"
[Loading MPS to PDF converter (version 2006.09.02).]
\scratchcounter=\count148
\scratchdimen=\dimen161
\scratchbox=\box51
\nofMPsegments=\count149
\nofMParguments=\count150
\everyMPshowfont=\toks31
\MPscratchCnt=\count151
\MPscratchDim=\dimen162
\MPnumerator=\count152
\makeMPintoPDFobject=\count153
\everyMPtoPDFconversion=\toks32
)
\AtBeginShipoutBox=\box52
\c@lstlisting=\count154
LaTeX Font Info:    Try loading font information for U+msa on input line 72.

("C:\Users\Matthew\AppData\Local\Programs\MiKTeX 2.9\tex\latex\amsfonts\umsa.fd
"
File: umsa.fd 2013/01/14 v3.01 AMS symbols A
)
LaTeX Font Info:    Try loading font information for U+msb on input line 72.

("C:\Users\Matthew\AppData\Local\Programs\MiKTeX 2.9\tex\latex\amsfonts\umsb.fd
"
File: umsb.fd 2013/01/14 v3.01 AMS symbols B
) [1

{C:/Users/Matthew/AppData/Local/MiKTeX/2.9/pdftex/config/pdftex.map}]
<images/isocontour_a.png, id=16, 578.16pt x 431.4519pt>
File: images/isocontour_a.png Graphic file (type png)

<use images/isocontour_a.png>
Package pdftex.def Info: images/isocontour_a.png used on input line 124.
(pdftex.def)             Requested size: 433.61893pt x 323.58813pt.

Overfull \hbox (9.66393pt too wide) in paragraph at lines 123--125
[] 
 []

[2 <./images/isocontour_a.png>]
<images/isocontour_b.png, id=23, 578.16pt x 431.4519pt>
File: images/isocontour_b.png Graphic file (type png)

<use images/isocontour_b.png>
Package pdftex.def Info: images/isocontour_b.png used on input line 130.
(pdftex.def)             Requested size: 433.61893pt x 323.58813pt.

Overfull \hbox (9.66393pt too wide) in paragraph at lines 129--131
[] 
 []

[3 <./images/isocontour_b.png>]
<images/isocontour_c.png, id=28, 578.16pt x 431.4519pt>
File: images/isocontour_c.png Graphic file (type png)

<use images/isocontour_c.png>
Package pdftex.def Info: images/isocontour_c.png used on input line 136.
(pdftex.def)             Requested size: 433.61893pt x 323.58813pt.

Overfull \hbox (9.66393pt too wide) in paragraph at lines 135--137
[] 
 []

[4 <./images/isocontour_c.png>]
<images/isocontour_d.png, id=33, 578.16pt x 431.4519pt>
File: images/isocontour_d.png Graphic file (type png)

<use images/isocontour_d.png>
Package pdftex.def Info: images/isocontour_d.png used on input line 142.
(pdftex.def)             Requested size: 433.61893pt x 323.58813pt.

Overfull \hbox (9.66393pt too wide) in paragraph at lines 141--143
[] 
 []

[5 <./images/isocontour_d.png>]
<images/isocontour_e.png, id=38, 578.16pt x 431.4519pt>
File: images/isocontour_e.png Graphic file (type png)

<use images/isocontour_e.png>
Package pdftex.def Info: images/isocontour_e.png used on input line 148.
(pdftex.def)             Requested size: 433.61893pt x 323.58813pt.

Overfull \hbox (9.66393pt too wide) in paragraph at lines 147--149
[] 
 []

[6 <./images/isocontour_e.png>]
<images/eigenvector_d.png, id=43, 542.025pt x 539.8569pt>
File: images/eigenvector_d.png Graphic file (type png)

<use images/eigenvector_d.png>
Package pdftex.def Info: images/eigenvector_d.png used on input line 182.
(pdftex.def)             Requested size: 271.01183pt x 269.9278pt.
 [7 <./images/eigenvector_d.png>]
<images/eigenvector_e.png, id=49, 542.025pt x 539.8569pt>
File: images/eigenvector_e.png Graphic file (type png)

<use images/eigenvector_e.png>
Package pdftex.def Info: images/eigenvector_e.png used on input line 187.
(pdftex.def)             Requested size: 271.01183pt x 269.9278pt.
 [8 <./images/eigenvector_e.png>] [9] [10]
Underfull \hbox (badness 10000) in paragraph at lines 248--250

 []


Underfull \hbox (badness 10000) in paragraph at lines 253--255

 []

[11]
Underfull \hbox (badness 10000) in paragraph at lines 280--281

 []

<images/covariance_for_6.png, id=67, 578.16pt x 431.4519pt>
File: images/covariance_for_6.png Graphic file (type png)

<use images/covariance_for_6.png>
Package pdftex.def Info: images/covariance_for_6.png used on input line 289.
(pdftex.def)             Requested size: 433.61893pt x 323.58813pt.

Overfull \hbox (9.66393pt too wide) in paragraph at lines 288--291
[]
 []


Overfull \hbox (7.7451pt too wide) in paragraph at lines 295--296
[]\OT1/cmr/m/n/10 Linear dis-crim-i-nant anal-y-sis (LDA). Model the class con-
di-tional prob-a-bil-i-ties as Gaus-sians $\OMS/cmsy/m/n/10 N\OT1/cmr/m/n/10 (\
OML/cmm/m/it/10 []; \OT1/cmr/m/n/10 )$
 []


Underfull \hbox (badness 10000) in paragraph at lines 295--296

 []

[12 <./images/covariance_for_6.png>] [13]
<images/digit_lda.png, id=77, 578.16pt x 431.4519pt>
File: images/digit_lda.png Graphic file (type png)

<use images/digit_lda.png>
Package pdftex.def Info: images/digit_lda.png used on input line 303.
(pdftex.def)             Requested size: 289.07928pt x 215.72542pt.

<images/digit_qda.png, id=78, 578.16pt x 431.4519pt>
File: images/digit_qda.png Graphic file (type png)

<use images/digit_qda.png>
Package pdftex.def Info: images/digit_qda.png used on input line 304.
(pdftex.def)             Requested size: 289.07928pt x 215.72542pt.
 [14 <./images/digit_lda.png> <./images/digit_qda.png>]
Underfull \hbox (badness 10000) in paragraph at lines 350--351

 []

[15]
("C:\Users\Matthew\AppData\Local\Programs\MiKTeX 2.9\tex\latex\listings\lstlang
1.sty"
File: lstlang1.sty 2015/06/04 1.6 listings language file
) [16] [17]
Overfull \hbox (9.6556pt too wide) in paragraph at lines 470--471
[][][][][][][][][][][][][][][][][][][][][][][][][][][][][][][][][][][][][][][][
][][][][][][][][][][][][][][][][][][][][][][][][][][][][][][][][][][][][][][][]
[][][][][][][][][][][][][][][][][][][][][][][][][][][][][][][][][][][][][][][][
][][][] 
 []


Overfull \hbox (14.7557pt too wide) in paragraph at lines 487--488
[][][][][][][][][][][][][][][][][][][][][][][][][][][][][][][][][][][][][][] 
 []


Overfull \hbox (14.7557pt too wide) in paragraph at lines 488--490
[][][][][][][][][][][][][][][][][][][][][][][][][][][][][][][][][][][][][][] 
 []

[18] [19]
Overfull \hbox (9.6556pt too wide) in paragraph at lines 626--627
[][][][][][][][][][][][][][][][][][][][][][][][][][][][][][][][][][][] 
 []

[20] [21] [22] [23] [24] [25]
Overfull \hbox (17.02417pt too wide) in paragraph at lines 873--975
\OT1/cmr/m/n/10 (3.7521175467, 8.16282191925) (3.73391265331, 3.73692789908) (2
.70265892424, 4.26963073306) (4.86408111135,
 []


Overfull \hbox (14.24638pt too wide) in paragraph at lines 873--975
\OT1/cmr/m/n/10 4.68777535408) (4.04996547861, 8.52137345053) (0.233585312481, 
2.15123211979) (4.6041917731, 7.2489443482)
 []


Overfull \hbox (27.0242pt too wide) in paragraph at lines 873--975
\OT1/cmr/m/n/10 (7.61034713427, 10.9542777426) (4.72002603227, 5.12168028497) (
5.41094430384, 5.16519508061) (0.459242421478,
 []


Overfull \hbox (9.24637pt too wide) in paragraph at lines 873--975
\OT1/cmr/m/n/10 8.11592405812) (1.78226363989, 7.06870992236) (2.116677488, 3.8
0815299087) (4.28912284523, 3.73386111723)
 []


Overfull \hbox (25.35751pt too wide) in paragraph at lines 873--975
\OT1/cmr/m/n/10 (-1.20508177032, 3.05643076294) (3.59804401979, 4.11822629615) 
(5.51393190387, 6.86667784866) (8.36242717957,
 []


Overfull \hbox (9.24637pt too wide) in paragraph at lines 873--975
\OT1/cmr/m/n/10 9.53571465398) (5.4260122171, 5.91928259072) (2.7537091697, 4.9
3237819492) (2.04891141963, 7.32403449486)
 []


Overfull \hbox (27.0242pt too wide) in paragraph at lines 873--975
\OT1/cmr/m/n/10 (0.748471184937, 4.62601087149) (4.15245649992, 5.94312110212) 
(1.78357721872, 6.26133256458) (10.0761489622,
 []


Overfull \hbox (19.2464pt too wide) in paragraph at lines 873--975
\OT1/cmr/m/n/10 6.77027228948) (0.138413300709, 2.53665664087) (6.99021469216, 
6.1641337023) (4.87779171263, 5.39949550732)
 []


Overfull \hbox (20.3575pt too wide) in paragraph at lines 873--975
\OT1/cmr/m/n/10 (2.18027215697, 3.58818823937) (4.37601828977, 7.37743391943) (
-0.403906529854, 5.81261300152) (7.238750534,
 []


Overfull \hbox (19.2464pt too wide) in paragraph at lines 873--975
\OT1/cmr/m/n/10 10.6662821816) (5.28203164971, 2.94781817055) (1.47698398904, 8
.20416053038) (7.20651817719, 9.41422367258)
 []


Overfull \hbox (25.35751pt too wide) in paragraph at lines 873--975
\OT1/cmr/m/n/10 (3.49733793096, 6.45590328222) (-1.69876384519, 5.79097651739) 
(2.27003188283, 3.37284905493) (5.30524529387,
 []


Overfull \hbox (27.57974pt too wide) in paragraph at lines 873--975
\OT1/cmr/m/n/10 7.11735793531) (-0.708743055773, 0.482898466813) (4.2870282026,
 4.44456096796) (1.72207660836, 5.89640056627)
 []


Overfull \hbox (18.69081pt too wide) in paragraph at lines 873--975
\OT1/cmr/m/n/10 (-1.6517916951, 4.71782119047) (3.64688496845, 3.66853483026) (
-2.2827375063, 5.97301417881) (7.25073767216,
 []


Overfull \hbox (24.24641pt too wide) in paragraph at lines 873--975
\OT1/cmr/m/n/10 6.37548725623) (0.0219264150681, 6.96496629942) (2.74697859131,
 6.87842980029) (0.9756375313, 4.84214203557)
 []


Overfull \hbox (22.02419pt too wide) in paragraph at lines 873--975
\OT1/cmr/m/n/10 (4.76849265075, 6.66296858189) (2.16081243452, 5.45820445858) (
1.24863153362, 2.99793038347) (4.75858704212,
 []


Overfull \hbox (17.57971pt too wide) in paragraph at lines 873--975
\OT1/cmr/m/n/10 9.8135639022) (4.89645001619, 7.34263981384) (6.42608031055, 7.
02770794576) (-1.02759017108, 2.09117174852)
 []


Overfull \hbox (33.69086pt too wide) in paragraph at lines 873--975
\OT1/cmr/m/n/10 (3.66932901205, 4.41362239498) (-1.08946594404, 7.15087615645) 
(-1.76798897241, 7.52923836434) (0.995156340805,
 []


Overfull \hbox (22.57973pt too wide) in paragraph at lines 873--975
\OT1/cmr/m/n/10 4.60838990299) (4.42938055378, 5.96424552889) (2.8934711714, 5.
22153654127) (-0.596211986939, 2.72329479959)
 []


Overfull \hbox (23.69083pt too wide) in paragraph at lines 873--975
\OT1/cmr/m/n/10 (-1.46150025031, 4.4853773386) (-1.16934708588, 2.26598335086) 
(5.59908657819, 5.52978970593) (5.70448750525,
 []


Overfull \hbox (35.91309pt too wide) in paragraph at lines 873--975
\OT1/cmr/m/n/10 7.38130788361) (-0.0187030345345, 3.90452664791) (-1.1393847661
, 4.36508787994) (0.569516503028, 3.73446717284)
 []


Overfull \hbox (17.02417pt too wide) in paragraph at lines 873--975
\OT1/cmr/m/n/10 (5.47268425414, 8.26298109484) (2.6891642399, 5.51421415364) (1
.08901866141, 2.37888154817) (3.18606821271,
 []


Overfull \hbox (27.57974pt too wide) in paragraph at lines 873--975
\OT1/cmr/m/n/10 4.88315663582) (3.64956226008, 7.85649646802) (-3.81778994737, 
0.420001763923) (3.20750224283, 2.96644376565)
 []


Overfull \hbox (20.3575pt too wide) in paragraph at lines 873--975
\OT1/cmr/m/n/10 (-0.60486149933, 3.8036331458) (2.05047250718, 7.48677710128) (
5.10477389266, 6.04332776735) (1.54512778571,
 []


Overfull \hbox (9.24637pt too wide) in paragraph at lines 873--975
\OT1/cmr/m/n/10 4.82244209302) (9.051931535, 7.96438147131) (3.10644302141, 9.8
9500236358) (4.04500482586, 6.99686365435)
 []


Overfull \hbox (27.0242pt too wide) in paragraph at lines 873--975
\OT1/cmr/m/n/10 (5.82984625996, 5.20447418659) (5.07670223739, 5.22255409667) (
0.977815451684, 3.96130215949) (2.56488355916,
 []


Overfull \hbox (22.57973pt too wide) in paragraph at lines 873--975
\OT1/cmr/m/n/10 7.50649118358) (-3.11286944807, 2.40380193893) (1.76053573535, 
3.57379389433) (2.35464075444, 5.87572003681)
 []


Overfull \hbox (17.02417pt too wide) in paragraph at lines 873--975
\OT1/cmr/m/n/10 (4.16260353484, 5.8968119939) (8.84843453206, 8.97763053233) (4
.28992162475, 4.03992119306) (3.06456772803,
 []


Overfull \hbox (19.2464pt too wide) in paragraph at lines 873--975
\OT1/cmr/m/n/10 7.01061363361) (2.04998482517, 8.03397479395) (5.25272084205, 3
.91833857725) (2.37940197049, 6.64065930299)
 []


Overfull \hbox (13.21826pt too wide) in paragraph at lines 983--986
[]\OT1/cmr/m/n/10 Eigenvalues and Eigen-vec-tors of the Co-vari-ance Ma-trix: v
1: [ 0.8611786 0.50830249] lambda1: 10.2920236955
 []

[26] (hw3.aux) ) 
Here is how much of TeX's memory you used:
 13845 strings out of 493634
 240206 string characters out of 3134424
 345088 words of memory out of 3000000
 17085 multiletter control sequences out of 15000+200000
 13323 words of font info for 52 fonts, out of 3000000 for 9000
 1025 hyphenation exceptions out of 8191
 40i,9n,42p,10414b,1854s stack positions out of 5000i,500n,10000p,200000b,50000s
<C:/Users/Matthew/AppData/Local/Programs/MiKTeX 2.9/fonts/type1
/public/amsfonts/cm/cmbx10.pfb><C:/Users/Matthew/AppData/Local/Programs/MiKTeX 
2.9/fonts/type1/public/amsfonts/cm/cmbx12.pfb><C:/Users/Matthew/AppData/Local/P
rograms/MiKTeX 2.9/fonts/type1/public/amsfonts/cm/cmex10.pfb><C:/Users/Matthew/
AppData/Local/Programs/MiKTeX 2.9/fonts/type1/public/amsfonts/cm/cmitt10.pfb><C
:/Users/Matthew/AppData/Local/Programs/MiKTeX 2.9/fonts/type1/public/amsfonts/c
m/cmmi10.pfb><C:/Users/Matthew/AppData/Local/Programs/MiKTeX 2.9/fonts/type1/pu
blic/amsfonts/cm/cmmi7.pfb><C:/Users/Matthew/AppData/Local/Programs/MiKTeX 2.9/
fonts/type1/public/amsfonts/cm/cmr10.pfb><C:/Users/Matthew/AppData/Local/Progra
ms/MiKTeX 2.9/fonts/type1/public/amsfonts/cm/cmr12.pfb><C:/Users/Matthew/AppDat
a/Local/Programs/MiKTeX 2.9/fonts/type1/public/amsfonts/cm/cmr17.pfb><C:/Users/
Matthew/AppData/Local/Programs/MiKTeX 2.9/fonts/type1/public/amsfonts/cm/cmr5.p
fb><C:/Users/Matthew/AppData/Local/Programs/MiKTeX 2.9/fonts/type1/public/amsfo
nts/cm/cmr7.pfb><C:/Users/Matthew/AppData/Local/Programs/MiKTeX 2.9/fonts/type1
/public/amsfonts/cm/cmsy10.pfb><C:/Users/Matthew/AppData/Local/Programs/MiKTeX 
2.9/fonts/type1/public/amsfonts/cm/cmsy5.pfb><C:/Users/Matthew/AppData/Local/Pr
ograms/MiKTeX 2.9/fonts/type1/public/amsfonts/cm/cmsy7.pfb><C:/Users/Matthew/Ap
pData/Local/Programs/MiKTeX 2.9/fonts/type1/public/amsfonts/cm/cmti10.pfb><C:/U
sers/Matthew/AppData/Local/Programs/MiKTeX 2.9/fonts/type1/public/amsfonts/cm/c
mtt10.pfb><C:/Users/Matthew/AppData/Local/Programs/MiKTeX 2.9/fonts/type1/publi
c/amsfonts/cm/cmtt8.pfb><C:/Users/Matthew/AppData/Local/Programs/MiKTeX 2.9/fon
ts/type1/public/amsfonts/symbols/msam10.pfb><C:/Users/Matthew/AppData/Local/Pro
grams/MiKTeX 2.9/fonts/type1/public/amsfonts/symbols/msbm10.pfb><C:/Users/Matth
ew/AppData/Local/Programs/MiKTeX 2.9/fonts/type1/public/txfonts/t1xbtt.pfb>
Output written on hw3.pdf (26 pages, 675755 bytes).
PDF statistics:
 187 PDF objects out of 1000 (max. 8388607)
 0 named destinations out of 1000 (max. 500000)
 51 words of extra memory for PDF output out of 10000 (max. 10000000)

